[2021-03-22 15:09:19.738] [exthost] [info] extension host started
[2021-03-22 15:09:21.328] [exthost] [info] extension host started
[2021-03-22 15:09:21.354] [exthost] [info] ExtensionService#_doActivateExtension vscode.grunt {"startup":false,"extensionId":{"value":"vscode.grunt","_lower":"vscode.grunt"},"activationEvent":"onCommand:workbench.action.tasks.runTask"}
[2021-03-22 15:09:21.355] [exthost] [info] ExtensionService#loadCommonJSModule file:///c:/programs/eclipse/plugins/com.genuitec.eclipse.code.engine.app.win32.x86_64_3.6.0.202002212104/engine/resources/app/extensions/grunt/dist/main
[2021-03-22 15:09:21.366] [exthost] [info] ExtensionService#_doActivateExtension vscode.gulp {"startup":false,"extensionId":{"value":"vscode.gulp","_lower":"vscode.gulp"},"activationEvent":"onCommand:workbench.action.tasks.runTask"}
[2021-03-22 15:09:21.367] [exthost] [info] ExtensionService#loadCommonJSModule file:///c:/programs/eclipse/plugins/com.genuitec.eclipse.code.engine.app.win32.x86_64_3.6.0.202002212104/engine/resources/app/extensions/gulp/dist/main
[2021-03-22 15:09:21.375] [exthost] [info] ExtensionService#_doActivateExtension vscode.jake {"startup":false,"extensionId":{"value":"vscode.jake","_lower":"vscode.jake"},"activationEvent":"onCommand:workbench.action.tasks.runTask"}
[2021-03-22 15:09:21.375] [exthost] [info] ExtensionService#loadCommonJSModule file:///c:/programs/eclipse/plugins/com.genuitec.eclipse.code.engine.app.win32.x86_64_3.6.0.202002212104/engine/resources/app/extensions/jake/dist/main
[2021-03-22 15:09:21.381] [exthost] [info] ExtensionService#_doActivateExtension vscode.npm {"startup":false,"extensionId":{"value":"vscode.npm","_lower":"vscode.npm"},"activationEvent":"onCommand:workbench.action.tasks.runTask"}
[2021-03-22 15:09:21.381] [exthost] [info] ExtensionService#loadCommonJSModule file:///c:/programs/eclipse/plugins/com.genuitec.eclipse.code.engine.app.win32.x86_64_3.6.0.202002212104/engine/resources/app/extensions/npm/dist/main
[2021-03-22 15:09:21.413] [exthost] [info] ExtensionService#_doActivateExtension vscode.typescript-language-features {"startup":false,"extensionId":{"value":"vscode.typescript-language-features","_lower":"vscode.typescript-language-features"},"activationEvent":"onCommand:workbench.action.tasks.runTask"}
[2021-03-22 15:09:21.413] [exthost] [info] ExtensionService#loadCommonJSModule file:///c:/programs/eclipse/plugins/com.genuitec.eclipse.code.engine.app.win32.x86_64_3.6.0.202002212104/engine/resources/app/extensions/typescript-language-features/dist/extension
[2021-03-22 15:09:21.492] [exthost] [info] ExtensionService#_doActivateExtension HookyQR.beautify {"startup":true,"extensionId":{"value":"HookyQR.beautify","_lower":"hookyqr.beautify"},"activationEvent":"*"}
[2021-03-22 15:09:21.492] [exthost] [info] ExtensionService#loadCommonJSModule file:///c:/programs/eclipse/plugins/pack.core.win_3.6.0.202007171759/HookyQR.beautify-1.4.11/extension
[2021-03-22 15:09:21.848] [exthost] [info] ExtensionService#_doActivateExtension christian-kohler.path-intellisense {"startup":true,"extensionId":{"value":"christian-kohler.path-intellisense","_lower":"christian-kohler.path-intellisense"},"activationEvent":"*"}
[2021-03-22 15:09:21.848] [exthost] [info] ExtensionService#loadCommonJSModule file:///c:/programs/eclipse/plugins/pack.core.win_3.6.0.202007171759/christian-kohler.path-intellisense-1.4.2/out/src/extension
[2021-03-22 15:09:21.934] [exthost] [info] ExtensionService#_doActivateExtension dbaeumer.vscode-eslint {"startup":true,"extensionId":{"value":"dbaeumer.vscode-eslint","_lower":"dbaeumer.vscode-eslint"},"activationEvent":"*"}
[2021-03-22 15:09:21.935] [exthost] [info] ExtensionService#loadCommonJSModule file:///c:/programs/eclipse/plugins/pack.core.win_3.6.0.202007171759/dbaeumer.vscode-eslint-1.9.0/client/out/extension
[2021-03-22 15:09:21.964] [exthost] [info] ExtensionService#_doActivateExtension vscode.debug-auto-launch {"startup":true,"extensionId":{"value":"vscode.debug-auto-launch","_lower":"vscode.debug-auto-launch"},"activationEvent":"*"}
[2021-03-22 15:09:21.964] [exthost] [info] ExtensionService#loadCommonJSModule file:///c:/programs/eclipse/plugins/com.genuitec.eclipse.code.engine.app.win32.x86_64_3.6.0.202002212104/engine/resources/app/extensions/debug-auto-launch/dist/extension
[2021-03-22 15:09:21.975] [exthost] [info] ExtensionService#_doActivateExtension vscode.emmet {"startup":true,"extensionId":{"value":"vscode.emmet","_lower":"vscode.emmet"},"activationEvent":"*"}
[2021-03-22 15:09:21.975] [exthost] [info] ExtensionService#loadCommonJSModule file:///c:/programs/eclipse/plugins/com.genuitec.eclipse.code.engine.app.win32.x86_64_3.6.0.202002212104/engine/resources/app/extensions/emmet/dist/extension
[2021-03-22 15:09:22.014] [exthost] [info] ExtensionService#_doActivateExtension formulahendry.auto-close-tag {"startup":true,"extensionId":{"value":"formulahendry.auto-close-tag","_lower":"formulahendry.auto-close-tag"},"activationEvent":"*"}
[2021-03-22 15:09:22.015] [exthost] [info] ExtensionService#loadCommonJSModule file:///c:/programs/eclipse/plugins/pack.core.win_3.6.0.202007171759/formulahendry.auto-close-tag-0.5.6/out/src/extension
[2021-03-22 15:09:22.050] [exthost] [info] ExtensionService#_doActivateExtension vscode.configuration-editing {"startup":false,"extensionId":{"value":"vscode.configuration-editing","_lower":"vscode.configuration-editing"},"activationEvent":"onLanguage:jsonc"}
[2021-03-22 15:09:22.050] [exthost] [info] ExtensionService#loadCommonJSModule file:///c:/programs/eclipse/plugins/com.genuitec.eclipse.code.engine.app.win32.x86_64_3.6.0.202002212104/engine/resources/app/extensions/configuration-editing/dist/extension
[2021-03-22 15:09:22.064] [exthost] [info] ExtensionService#_doActivateExtension vscode.json-language-features {"startup":false,"extensionId":{"value":"vscode.json-language-features","_lower":"vscode.json-language-features"},"activationEvent":"onLanguage:jsonc"}
[2021-03-22 15:09:22.064] [exthost] [info] ExtensionService#loadCommonJSModule file:///c:/programs/eclipse/plugins/com.genuitec.eclipse.code.engine.app.win32.x86_64_3.6.0.202002212104/engine/resources/app/extensions/json-language-features/client/dist/jsonMain
[2021-03-22 15:09:22.152] [exthost] [info] eager extensions activated
[2021-03-22 15:09:24.559] [exthost] [info] extension host started
[2021-03-22 15:09:24.576] [exthost] [info] ExtensionService#_doActivateExtension vscode.extension-editing {"startup":false,"extensionId":{"value":"vscode.extension-editing","_lower":"vscode.extension-editing"},"activationEvent":"onLanguage:markdown"}
[2021-03-22 15:09:24.576] [exthost] [info] ExtensionService#loadCommonJSModule file:///c:/programs/eclipse/plugins/com.genuitec.eclipse.code.engine.app.win32.x86_64_3.6.0.202002212104/engine/resources/app/extensions/extension-editing/dist/extension
[2021-03-22 15:09:24.589] [exthost] [info] ExtensionService#_doActivateExtension vscode.markdown-language-features {"startup":false,"extensionId":{"value":"vscode.markdown-language-features","_lower":"vscode.markdown-language-features"},"activationEvent":"onLanguage:markdown"}
[2021-03-22 15:09:24.589] [exthost] [info] ExtensionService#loadCommonJSModule file:///c:/programs/eclipse/plugins/com.genuitec.eclipse.code.engine.app.win32.x86_64_3.6.0.202002212104/engine/resources/app/extensions/markdown-language-features/dist/extension
[2021-03-22 15:09:24.613] [exthost] [info] ExtensionService#_doActivateExtension vscode.grunt {"startup":false,"extensionId":{"value":"vscode.grunt","_lower":"vscode.grunt"},"activationEvent":"onCommand:workbench.action.tasks.runTask"}
[2021-03-22 15:09:24.613] [exthost] [info] ExtensionService#loadCommonJSModule file:///c:/programs/eclipse/plugins/com.genuitec.eclipse.code.engine.app.win32.x86_64_3.6.0.202002212104/engine/resources/app/extensions/grunt/dist/main
[2021-03-22 15:09:24.617] [exthost] [info] ExtensionService#_doActivateExtension vscode.gulp {"startup":false,"extensionId":{"value":"vscode.gulp","_lower":"vscode.gulp"},"activationEvent":"onCommand:workbench.action.tasks.runTask"}
[2021-03-22 15:09:24.617] [exthost] [info] ExtensionService#loadCommonJSModule file:///c:/programs/eclipse/plugins/com.genuitec.eclipse.code.engine.app.win32.x86_64_3.6.0.202002212104/engine/resources/app/extensions/gulp/dist/main
[2021-03-22 15:09:24.620] [exthost] [info] ExtensionService#_doActivateExtension vscode.jake {"startup":false,"extensionId":{"value":"vscode.jake","_lower":"vscode.jake"},"activationEvent":"onCommand:workbench.action.tasks.runTask"}
[2021-03-22 15:09:24.620] [exthost] [info] ExtensionService#loadCommonJSModule file:///c:/programs/eclipse/plugins/com.genuitec.eclipse.code.engine.app.win32.x86_64_3.6.0.202002212104/engine/resources/app/extensions/jake/dist/main
[2021-03-22 15:09:24.624] [exthost] [info] ExtensionService#_doActivateExtension vscode.npm {"startup":false,"extensionId":{"value":"vscode.npm","_lower":"vscode.npm"},"activationEvent":"onCommand:workbench.action.tasks.runTask"}
[2021-03-22 15:09:24.624] [exthost] [info] ExtensionService#loadCommonJSModule file:///c:/programs/eclipse/plugins/com.genuitec.eclipse.code.engine.app.win32.x86_64_3.6.0.202002212104/engine/resources/app/extensions/npm/dist/main
[2021-03-22 15:09:24.633] [exthost] [info] ExtensionService#_doActivateExtension vscode.typescript-language-features {"startup":false,"extensionId":{"value":"vscode.typescript-language-features","_lower":"vscode.typescript-language-features"},"activationEvent":"onCommand:workbench.action.tasks.runTask"}
[2021-03-22 15:09:24.633] [exthost] [info] ExtensionService#loadCommonJSModule file:///c:/programs/eclipse/plugins/com.genuitec.eclipse.code.engine.app.win32.x86_64_3.6.0.202002212104/engine/resources/app/extensions/typescript-language-features/dist/extension
[2021-03-22 15:09:24.658] [exthost] [info] ExtensionService#_doActivateExtension vscode.configuration-editing {"startup":false,"extensionId":{"value":"vscode.configuration-editing","_lower":"vscode.configuration-editing"},"activationEvent":"onLanguage:jsonc"}
[2021-03-22 15:09:24.658] [exthost] [info] ExtensionService#loadCommonJSModule file:///c:/programs/eclipse/plugins/com.genuitec.eclipse.code.engine.app.win32.x86_64_3.6.0.202002212104/engine/resources/app/extensions/configuration-editing/dist/extension
[2021-03-22 15:09:24.662] [exthost] [info] ExtensionService#_doActivateExtension vscode.json-language-features {"startup":false,"extensionId":{"value":"vscode.json-language-features","_lower":"vscode.json-language-features"},"activationEvent":"onLanguage:jsonc"}
[2021-03-22 15:09:24.663] [exthost] [info] ExtensionService#loadCommonJSModule file:///c:/programs/eclipse/plugins/com.genuitec.eclipse.code.engine.app.win32.x86_64_3.6.0.202002212104/engine/resources/app/extensions/json-language-features/client/dist/jsonMain
[2021-03-22 15:09:24.690] [exthost] [info] ExtensionService#_doActivateExtension HookyQR.beautify {"startup":true,"extensionId":{"value":"HookyQR.beautify","_lower":"hookyqr.beautify"},"activationEvent":"*"}
[2021-03-22 15:09:24.690] [exthost] [info] ExtensionService#loadCommonJSModule file:///c:/programs/eclipse/plugins/pack.core.win_3.6.0.202007171759/HookyQR.beautify-1.4.11/extension
[2021-03-22 15:09:24.753] [exthost] [info] ExtensionService#_doActivateExtension christian-kohler.path-intellisense {"startup":true,"extensionId":{"value":"christian-kohler.path-intellisense","_lower":"christian-kohler.path-intellisense"},"activationEvent":"*"}
[2021-03-22 15:09:24.753] [exthost] [info] ExtensionService#loadCommonJSModule file:///c:/programs/eclipse/plugins/pack.core.win_3.6.0.202007171759/christian-kohler.path-intellisense-1.4.2/out/src/extension
[2021-03-22 15:09:24.771] [exthost] [info] ExtensionService#_doActivateExtension dbaeumer.vscode-eslint {"startup":true,"extensionId":{"value":"dbaeumer.vscode-eslint","_lower":"dbaeumer.vscode-eslint"},"activationEvent":"*"}
[2021-03-22 15:09:24.771] [exthost] [info] ExtensionService#loadCommonJSModule file:///c:/programs/eclipse/plugins/pack.core.win_3.6.0.202007171759/dbaeumer.vscode-eslint-1.9.0/client/out/extension
[2021-03-22 15:09:24.783] [exthost] [info] ExtensionService#_doActivateExtension vscode.debug-auto-launch {"startup":true,"extensionId":{"value":"vscode.debug-auto-launch","_lower":"vscode.debug-auto-launch"},"activationEvent":"*"}
[2021-03-22 15:09:24.783] [exthost] [info] ExtensionService#loadCommonJSModule file:///c:/programs/eclipse/plugins/com.genuitec.eclipse.code.engine.app.win32.x86_64_3.6.0.202002212104/engine/resources/app/extensions/debug-auto-launch/dist/extension
[2021-03-22 15:09:24.786] [exthost] [info] ExtensionService#_doActivateExtension vscode.emmet {"startup":true,"extensionId":{"value":"vscode.emmet","_lower":"vscode.emmet"},"activationEvent":"*"}
[2021-03-22 15:09:24.786] [exthost] [info] ExtensionService#loadCommonJSModule file:///c:/programs/eclipse/plugins/com.genuitec.eclipse.code.engine.app.win32.x86_64_3.6.0.202002212104/engine/resources/app/extensions/emmet/dist/extension
[2021-03-22 15:09:24.826] [exthost] [info] ExtensionService#_doActivateExtension formulahendry.auto-close-tag {"startup":true,"extensionId":{"value":"formulahendry.auto-close-tag","_lower":"formulahendry.auto-close-tag"},"activationEvent":"*"}
[2021-03-22 15:09:24.826] [exthost] [info] ExtensionService#loadCommonJSModule file:///c:/programs/eclipse/plugins/pack.core.win_3.6.0.202007171759/formulahendry.auto-close-tag-0.5.6/out/src/extension
[2021-03-22 15:09:24.830] [exthost] [info] eager extensions activated
